#
# There is insufficient memory for the Java Runtime Environment to continue.
# Native memory allocation (malloc) failed to allocate 32744 bytes for ChunkPool::allocate
# Possible reasons:
#   The system is out of physical RAM or swap space
#   In 32 bit mode, the process size limit was hit
# Possible solutions:
#   Reduce memory load on the system
#   Increase physical memory or swap space
#   Check if swap backing store is full
#   Use 64 bit Java on a 64 bit OS
#   Decrease Java heap size (-Xmx/-Xms)
#   Decrease number of Java threads
#   Decrease Java thread stack sizes (-Xss)
#   Set larger code cache with -XX:ReservedCodeCacheSize=
# This output file may be truncated or incomplete.
#
#  Out of Memory Error (allocation.cpp:273), pid=7084, tid=0x0000000000000e20
#
# JRE version: Java(TM) SE Runtime Environment (8.0_191-b12) (build 1.8.0_191-b12)
# Java VM: Java HotSpot(TM) 64-Bit Server VM (25.191-b12 mixed mode windows-amd64 compressed oops)
# Failed to write core dump. Minidumps are not enabled by default on client versions of Windows
#

---------------  T H R E A D  ---------------

Current thread (0x0000000058d28800):  JavaThread "C2 CompilerThread0" daemon [_thread_in_native, id=3616, stack(0x0000000058e60000,0x0000000058f60000)]

Stack: [0x0000000058e60000,0x0000000058f60000]
[error occurred during error reporting (printing stack bounds), id 0xc0000005]

Native frames: (J=compiled Java code, j=interpreted, Vv=VM code, C=native code)


Current CompileTask:
C2:  19483 4229   !   4       org.springframework.core.annotation.AnnotatedElementUtils::searchWithFindSemantics (774 bytes)


---------------  P R O C E S S  ---------------

Java Threads: ( => current thread )
  0x000000005b827800 JavaThread "HikariPool-1 connection adder" daemon [_thread_blocked, id=5956, stack(0x000000005ec50000,0x000000005ed50000)]
  0x0000000059250000 JavaThread "HikariPool-1 housekeeper" daemon [_thread_blocked, id=7320, stack(0x000000005d3c0000,0x000000005d4c0000)]
  0x000000005ba33800 JavaThread "Abandoned connection cleanup thread" daemon [_thread_blocked, id=10048, stack(0x0000000058d60000,0x0000000058e60000)]
  0x0000000059102800 JavaThread "Service Thread" daemon [_thread_blocked, id=9656, stack(0x0000000059990000,0x0000000059a90000)]
  0x0000000058d29800 JavaThread "C1 CompilerThread1" daemon [_thread_in_native, id=3580, stack(0x0000000058f90000,0x0000000059090000)]
=>0x0000000058d28800 JavaThread "C2 CompilerThread0" daemon [_thread_in_native, id=3616, stack(0x0000000058e60000,0x0000000058f60000)]
  0x0000000057520000 JavaThread "JDWP Command Reader" daemon [_thread_in_native, id=5260, stack(0x0000000058830000,0x0000000058930000)]
  0x000000005751a800 JavaThread "JDWP Event Helper Thread" daemon [_thread_in_native, id=7372, stack(0x00000000586c0000,0x00000000587c0000)]
  0x0000000057515800 JavaThread "JDWP Transport Listener: dt_socket" daemon [_thread_blocked, id=6932, stack(0x0000000058510000,0x0000000058610000)]
  0x00000000574f0800 JavaThread "Attach Listener" daemon [_thread_blocked, id=8588, stack(0x0000000057ec0000,0x0000000057fc0000)]
  0x00000000574da000 JavaThread "Signal Dispatcher" daemon [_thread_blocked, id=8872, stack(0x00000000582c0000,0x00000000583c0000)]
  0x00000000574c4800 JavaThread "Finalizer" daemon [_thread_blocked, id=9452, stack(0x00000000581c0000,0x00000000582c0000)]
  0x00000000574bb000 JavaThread "Reference Handler" daemon [_thread_blocked, id=9900, stack(0x0000000057fc0000,0x00000000580c0000)]
  0x00000000023c5000 JavaThread "main" [_thread_in_vm, id=9848, stack(0x0000000002630000,0x0000000002730000)]

Other Threads:
  0x0000000057473000 VMThread [stack: 0x0000000057db0000,0x0000000057eb0000] [id=9868]
  0x000000005913b800 WatcherThread [stack: 0x0000000059af0000,0x0000000059bf0000] [id=8364]

VM state:not at safepoint (normal execution)

VM Mutex/Monitor currently owned by a thread: None

Heap:
 PSYoungGen      total 135168K, used 110832K [0x00000000d5e00000, 0x00000000ded80000, 0x0000000100000000)
  eden space 126976K, 80% used [0x00000000d5e00000,0x00000000dc240920,0x00000000dda00000)
  from space 8192K, 99% used [0x00000000ddd80000,0x00000000de57ba40,0x00000000de580000)
  to   space 5632K, 0% used [0x00000000de800000,0x00000000de800000,0x00000000ded80000)
 ParOldGen       total 64000K, used 17030K [0x0000000081a00000, 0x0000000085880000, 0x00000000d5e00000)
  object space 64000K, 26% used [0x0000000081a00000,0x0000000082aa1b60,0x0000000085880000)
 Metaspace       used 51007K, capacity 52904K, committed 53168K, reserved 1095680K
  class space    used 6966K, capacity 7312K, committed 7344K, reserved 1048576K

Card table byte_map: [0x0000000011c80000,0x0000000012080000] byte_map_base: 0x0000000011873000

Marking Bits: (ParMarkBitMap*) 0x000000005fc43e30
 Begin Bits: [0x0000000012810000, 0x00000000147a8000)
 End Bits:   [0x00000000147a8000, 0x0000000016740000)

Polling page: 0x0000000000140000

CodeCache: size=245760Kb used=14818Kb max_used=14851Kb free=230941Kb
 bounds [0x00000000028c0000, 0x0000000003750000, 0x00000000118c0000]
 total_blobs=4602 nmethods=4097 adapters=425
 compilation: enabled

Compilation events (10 events):
Event: 19.369 Thread 0x0000000058d29800 nmethod 4277 0x0000000002d5a210 code [0x0000000002d5a380, 0x0000000002d5a5e8]
Event: 19.443 Thread 0x0000000058d29800 4278       3       java.lang.invoke.BoundMethodHandle$Species_L::<init> (12 bytes)
Event: 19.443 Thread 0x0000000058d29800 nmethod 4278 0x0000000002d3fa10 code [0x0000000002d3fb80, 0x0000000002d3fdc8]
Event: 19.454 Thread 0x0000000058d29800 4279       1       java.text.DecimalFormatSymbols::getZeroDigit (5 bytes)
Event: 19.455 Thread 0x0000000058d29800 nmethod 4279 0x0000000002b8bd50 code [0x0000000002b8bea0, 0x0000000002b8bfb0]
Event: 19.455 Thread 0x0000000058d29800 4280       3       java.lang.invoke.MemberName::equals (69 bytes)
Event: 19.456 Thread 0x0000000058d29800 nmethod 4280 0x0000000002a55950 code [0x0000000002a55ba0, 0x0000000002a56db8]
Event: 19.464 Thread 0x0000000058d29800 4284       3       java.util.regex.Pattern::range (279 bytes)
Event: 19.468 Thread 0x0000000058d29800 nmethod 4284 0x00000000037496d0 code [0x0000000003749ba0, 0x000000000374c7d8]
Event: 19.477 Thread 0x0000000058d29800 4285       3       java.lang.invoke.InnerClassLambdaMetafactory::spinInnerClass (515 bytes)

GC Heap History (10 events):
Event: 10.076 GC heap before
{Heap before GC invocations=7 (full 1):
 PSYoungGen      total 71680K, used 66560K [0x00000000d5e00000, 0x00000000df000000, 0x0000000100000000)
  eden space 66560K, 100% used [0x00000000d5e00000,0x00000000d9f00000,0x00000000d9f00000)
  from space 5120K, 0% used [0x00000000d9f00000,0x00000000d9f00000,0x00000000da400000)
  to   space 8192K, 0% used [0x00000000de800000,0x00000000de800000,0x00000000df000000)
 ParOldGen       total 44544K, used 5260K [0x0000000081a00000, 0x0000000084580000, 0x00000000d5e00000)
  object space 44544K, 11% used [0x0000000081a00000,0x0000000081f23050,0x0000000084580000)
 Metaspace       used 24683K, capacity 25404K, committed 25648K, reserved 1071104K
  class space    used 3147K, capacity 3334K, committed 3376K, reserved 1048576K
Event: 10.112 GC heap after
Heap after GC invocations=7 (full 1):
 PSYoungGen      total 132608K, used 5288K [0x00000000d5e00000, 0x00000000ded80000, 0x0000000100000000)
  eden space 126976K, 0% used [0x00000000d5e00000,0x00000000d5e00000,0x00000000dda00000)
  from space 5632K, 93% used [0x00000000de800000,0x00000000ded2a068,0x00000000ded80000)
  to   space 8192K, 0% used [0x00000000ddd80000,0x00000000ddd80000,0x00000000de580000)
 ParOldGen       total 44544K, used 5260K [0x0000000081a00000, 0x0000000084580000, 0x00000000d5e00000)
  object space 44544K, 11% used [0x0000000081a00000,0x0000000081f23050,0x0000000084580000)
 Metaspace       used 24683K, capacity 25404K, committed 25648K, reserved 1071104K
  class space    used 3147K, capacity 3334K, committed 3376K, reserved 1048576K
}
Event: 13.337 GC heap before
{Heap before GC invocations=8 (full 1):
 PSYoungGen      total 132608K, used 132264K [0x00000000d5e00000, 0x00000000ded80000, 0x0000000100000000)
  eden space 126976K, 100% used [0x00000000d5e00000,0x00000000dda00000,0x00000000dda00000)
  from space 5632K, 93% used [0x00000000de800000,0x00000000ded2a068,0x00000000ded80000)
  to   space 8192K, 0% used [0x00000000ddd80000,0x00000000ddd80000,0x00000000de580000)
 ParOldGen       total 44544K, used 5260K [0x0000000081a00000, 0x0000000084580000, 0x00000000d5e00000)
  object space 44544K, 11% used [0x0000000081a00000,0x0000000081f23050,0x0000000084580000)
 Metaspace       used 31847K, capacity 33096K, committed 33328K, reserved 1079296K
  class space    used 4116K, capacity 4386K, committed 4400K, reserved 1048576K
Event: 13.357 GC heap after
Heap after GC invocations=8 (full 1):
 PSYoungGen      total 135168K, used 8177K [0x00000000d5e00000, 0x00000000ded80000, 0x0000000100000000)
  eden space 126976K, 0% used [0x00000000d5e00000,0x00000000d5e00000,0x00000000dda00000)
  from space 8192K, 99% used [0x00000000ddd80000,0x00000000de57c7d0,0x00000000de580000)
  to   space 5632K, 0% used [0x00000000de800000,0x00000000de800000,0x00000000ded80000)
 ParOldGen       total 44544K, used 9411K [0x0000000081a00000, 0x0000000084580000, 0x00000000d5e00000)
  object space 44544K, 21% used [0x0000000081a00000,0x0000000082330cb8,0x0000000084580000)
 Metaspace       used 31847K, capacity 33096K, committed 33328K, reserved 1079296K
  class space    used 4116K, capacity 4386K, committed 4400K, reserved 1048576K
}
Event: 14.001 GC heap before
{Heap before GC invocations=9 (full 1):
 PSYoungGen      total 135168K, used 34182K [0x00000000d5e00000, 0x00000000ded80000, 0x0000000100000000)
  eden space 126976K, 20% used [0x00000000d5e00000,0x00000000d7765090,0x00000000dda00000)
  from space 8192K, 99% used [0x00000000ddd80000,0x00000000de57c7d0,0x00000000de580000)
  to   space 5632K, 0% used [0x00000000de800000,0x00000000de800000,0x00000000ded80000)
 ParOldGen       total 44544K, used 9411K [0x0000000081a00000, 0x0000000084580000, 0x00000000d5e00000)
  object space 44544K, 21% used [0x0000000081a00000,0x0000000082330cb8,0x0000000084580000)
 Metaspace       used 34151K, capacity 35380K, committed 35496K, reserved 1081344K
  class space    used 4341K, capacity 4600K, committed 4656K, reserved 1048576K
Event: 14.021 GC heap after
Heap after GC invocations=9 (full 1):
 PSYoungGen      total 132608K, used 5624K [0x00000000d5e00000, 0x00000000ded80000, 0x0000000100000000)
  eden space 126976K, 0% used [0x00000000d5e00000,0x00000000d5e00000,0x00000000dda00000)
  from space 5632K, 99% used [0x00000000de800000,0x00000000ded7e000,0x00000000ded80000)
  to   space 8192K, 0% used [0x00000000ddd80000,0x00000000ddd80000,0x00000000de580000)
 ParOldGen       total 44544K, used 12673K [0x0000000081a00000, 0x0000000084580000, 0x00000000d5e00000)
  object space 44544K, 28% used [0x0000000081a00000,0x00000000826604b0,0x0000000084580000)
 Metaspace       used 34151K, capacity 35380K, committed 35496K, reserved 1081344K
  class space    used 4341K, capacity 4600K, committed 4656K, reserved 1048576K
}
Event: 14.021 GC heap before
{Heap before GC invocations=10 (full 2):
 PSYoungGen      total 132608K, used 5624K [0x00000000d5e00000, 0x00000000ded80000, 0x0000000100000000)
  eden space 126976K, 0% used [0x00000000d5e00000,0x00000000d5e00000,0x00000000dda00000)
  from space 5632K, 99% used [0x00000000de800000,0x00000000ded7e000,0x00000000ded80000)
  to   space 8192K, 0% used [0x00000000ddd80000,0x00000000ddd80000,0x00000000de580000)
 ParOldGen       total 44544K, used 12673K [0x0000000081a00000, 0x0000000084580000, 0x00000000d5e00000)
  object space 44544K, 28% used [0x0000000081a00000,0x00000000826604b0,0x0000000084580000)
 Metaspace       used 34151K, capacity 35380K, committed 35496K, reserved 1081344K
  class space    used 4341K, capacity 4600K, committed 4656K, reserved 1048576K
Event: 14.114 GC heap after
Heap after GC invocations=10 (full 2):
 PSYoungGen      total 132608K, used 0K [0x00000000d5e00000, 0x00000000ded80000, 0x0000000100000000)
  eden space 126976K, 0% used [0x00000000d5e00000,0x00000000d5e00000,0x00000000dda00000)
  from space 5632K, 0% used [0x00000000de800000,0x00000000de800000,0x00000000ded80000)
  to   space 8192K, 0% used [0x00000000ddd80000,0x00000000ddd80000,0x00000000de580000)
 ParOldGen       total 64000K, used 13955K [0x0000000081a00000, 0x0000000085880000, 0x00000000d5e00000)
  object space 64000K, 21% used [0x0000000081a00000,0x00000000827a0fe0,0x0000000085880000)
 Metaspace       used 34151K, capacity 35380K, committed 35496K, reserved 1081344K
  class space    used 4341K, capacity 4600K, committed 4656K, reserved 1048576K
}
Event: 17.338 GC heap before
{Heap before GC invocations=11 (full 2):
 PSYoungGen      total 132608K, used 126976K [0x00000000d5e00000, 0x00000000ded80000, 0x0000000100000000)
  eden space 126976K, 100% used [0x00000000d5e00000,0x00000000dda00000,0x00000000dda00000)
  from space 5632K, 0% used [0x00000000de800000,0x00000000de800000,0x00000000ded80000)
  to   space 8192K, 0% used [0x00000000ddd80000,0x00000000ddd80000,0x00000000de580000)
 ParOldGen       total 64000K, used 13955K [0x0000000081a00000, 0x0000000085880000, 0x00000000d5e00000)
  object space 64000K, 21% used [0x0000000081a00000,0x00000000827a0fe0,0x0000000085880000)
 Metaspace       used 44029K, capacity 45370K, committed 45616K, reserved 1089536K
  class space    used 5881K, capacity 6167K, committed 6192K, reserved 1048576K
Event: 17.350 GC heap after
Heap after GC invocations=11 (full 2):
 PSYoungGen      total 135168K, used 8174K [0x00000000d5e00000, 0x00000000ded80000, 0x0000000100000000)
  eden space 126976K, 0% used [0x00000000d5e00000,0x00000000d5e00000,0x00000000dda00000)
  from space 8192K, 99% used [0x00000000ddd80000,0x00000000de57ba40,0x00000000de580000)
  to   space 5632K, 0% used [0x00000000de800000,0x00000000de800000,0x00000000ded80000)
 ParOldGen       total 64000K, used 17030K [0x0000000081a00000, 0x0000000085880000, 0x00000000d5e00000)
  object space 64000K, 26% used [0x0000000081a00000,0x0000000082aa1b60,0x0000000085880000)
 Metaspace       used 44029K, capacity 45370K, committed 45616K, reserved 1089536K
  class space    used 5881K, capacity 6167K, committed 6192K, reserved 1048576K
}

Deoptimization events (10 events):
Event: 17.406 Thread 0x00000000023c5000 Uncommon trap: reason=class_check action=maybe_recompile pc=0x000000000341da84 method=java.util.concurrent.ConcurrentMap.computeIfAbsent(Ljava/lang/Object;Ljava/util/function/Function;)Ljava/lang/Object; @ 7
Event: 17.511 Thread 0x00000000023c5000 Uncommon trap: reason=class_check action=maybe_recompile pc=0x000000000341da84 method=java.util.concurrent.ConcurrentMap.computeIfAbsent(Ljava/lang/Object;Ljava/util/function/Function;)Ljava/lang/Object; @ 7
Event: 17.518 Thread 0x00000000023c5000 Uncommon trap: reason=class_check action=maybe_recompile pc=0x000000000341da84 method=java.util.concurrent.ConcurrentMap.computeIfAbsent(Ljava/lang/Object;Ljava/util/function/Function;)Ljava/lang/Object; @ 7
Event: 17.524 Thread 0x00000000023c5000 Uncommon trap: reason=class_check action=maybe_recompile pc=0x000000000341da84 method=java.util.concurrent.ConcurrentMap.computeIfAbsent(Ljava/lang/Object;Ljava/util/function/Function;)Ljava/lang/Object; @ 7
Event: 18.567 Thread 0x00000000023c5000 Uncommon trap: reason=class_check action=maybe_recompile pc=0x00000000033a2e38 method=org.springframework.beans.factory.support.AbstractBeanFactory.isTypeMatch(Ljava/lang/String;Lorg/springframework/core/ResolvableType;)Z @ 47
Event: 18.579 Thread 0x00000000023c5000 Uncommon trap: reason=class_check action=maybe_recompile pc=0x00000000033a2e38 method=org.springframework.beans.factory.support.AbstractBeanFactory.isTypeMatch(Ljava/lang/String;Lorg/springframework/core/ResolvableType;)Z @ 47
Event: 18.629 Thread 0x00000000023c5000 Uncommon trap: reason=class_check action=maybe_recompile pc=0x00000000033a2e38 method=org.springframework.beans.factory.support.AbstractBeanFactory.isTypeMatch(Ljava/lang/String;Lorg/springframework/core/ResolvableType;)Z @ 47
Event: 18.761 Thread 0x00000000023c5000 Uncommon trap: reason=class_check action=maybe_recompile pc=0x00000000033a2e38 method=org.springframework.beans.factory.support.AbstractBeanFactory.isTypeMatch(Ljava/lang/String;Lorg/springframework/core/ResolvableType;)Z @ 47
Event: 18.817 Thread 0x00000000023c5000 Uncommon trap: reason=predicate action=maybe_recompile pc=0x00000000036f3dfc method=java.util.AbstractCollection.toArray([Ljava/lang/Object;)[Ljava/lang/Object; @ 49
Event: 19.045 Thread 0x00000000023c5000 Uncommon trap: reason=unstable_if action=reinterpret pc=0x0000000002e744dc method=org.springframework.util.ConcurrentReferenceHashMap$Segment.restructureIfNecessary(Z)V @ 33

Classes redefined (0 events):
No events

Internal exceptions (10 events):
Event: 19.099 Thread 0x00000000023c5000 Exception <a 'java/lang/NoSuchMethodError': java.lang.Object.lambda$toStream$0(Ljava/util/Optional;)Ljava/util/stream/Stream;> (0x00000000db32dc98) thrown at [C:\re\workspace\8-2-build-windows-amd64-cygwin\jdk8u191\11896\hotspot\src\share\vm\interpreter\l
Event: 19.101 Thread 0x00000000023c5000 Exception <a 'java/lang/NoSuchMethodError': java.lang.Object.of(Ljava/lang/Object;)Ljava/util/stream/Stream;> (0x00000000db334be0) thrown at [C:\re\workspace\8-2-build-windows-amd64-cygwin\jdk8u191\11896\hotspot\src\share\vm\interpreter\linkResolver.cpp, 
Event: 19.101 Thread 0x00000000023c5000 Exception <a 'java/lang/NoSuchMethodError': java.lang.Object.empty()Ljava/util/stream/Stream;> (0x00000000db337b00) thrown at [C:\re\workspace\8-2-build-windows-amd64-cygwin\jdk8u191\11896\hotspot\src\share\vm\interpreter\linkResolver.cpp, line 620]
Event: 19.104 Thread 0x00000000023c5000 Exception <a 'java/lang/NoSuchMethodError': java.lang.Object.fromNullable(Ljava/lang/Object;)Ljava/util/stream/Stream;> (0x00000000db3465e8) thrown at [C:\re\workspace\8-2-build-windows-amd64-cygwin\jdk8u191\11896\hotspot\src\share\vm\interpreter\linkReso
Event: 19.162 Thread 0x00000000023c5000 Exception <a 'java/lang/NoSuchMethodError': java.lang.Object.lambda$direct$0(Lorg/springframework/data/repository/core/support/MethodLookup$InvokedMethod;Ljava/lang/reflect/Method;)Z> (0x00000000db457b88) thrown at [C:\re\workspace\8-2-build-windows-amd64
Event: 19.163 Thread 0x00000000023c5000 Exception <a 'java/lang/NoSuchMethodError': java.lang.Object.lambda$direct$1(Lorg/springframework/data/repository/core/support/MethodLookup$MethodPredicate;)Ljava/util/List;> (0x00000000db45af78) thrown at [C:\re\workspace\8-2-build-windows-amd64-cygwin\j
Event: 19.174 Thread 0x00000000023c5000 Exception <a 'java/lang/NoSuchMethodError': java.lang.Object.lambda$and$0(Lorg/springframework/data/repository/core/support/MethodLookup;)Ljava/util/List;> (0x00000000db48ba18) thrown at [C:\re\workspace\8-2-build-windows-amd64-cygwin\jdk8u191\11896\hotsp
Event: 19.193 Thread 0x00000000023c5000 Exception <a 'java/lang/IncompatibleClassChangeError': Found class java.lang.Object, but interface was expected> (0x00000000db55abe8) thrown at [C:\re\workspace\8-2-build-windows-amd64-cygwin\jdk8u191\11896\hotspot\src\share\vm\interpreter\linkResolver.cp
Event: 19.313 Thread 0x00000000023c5000 Exception <a 'java/lang/NoSuchMethodError': java.lang.Object.lambda$map$1(Ljava/util/function/Function;)Ljava/util/stream/Stream;> (0x00000000db9f97c0) thrown at [C:\re\workspace\8-2-build-windows-amd64-cygwin\jdk8u191\11896\hotspot\src\share\vm\interpret
Event: 19.427 Thread 0x00000000023c5000 Exception <a 'java/lang/reflect/InvocationTargetException'> (0x00000000dbe58a80) thrown at [C:\re\workspace\8-2-build-windows-amd64-cygwin\jdk8u191\11896\hotspot\src\share\vm\runtime\reflection.cpp, line 1092]

Events (10 events):
Event: 19.476 loading class org/springframework/data/repository/query/ParametersParameterAccessor
Event: 19.476 loading class org/springframework/data/repository/query/ParametersParameterAccessor done
Event: 19.477 loading class javax/persistence/criteria/CriteriaBuilder
Event: 19.477 loading class javax/persistence/criteria/CriteriaBuilder done
Event: 19.477 loading class javax/persistence/criteria/CriteriaBuilder
Event: 19.477 loading class javax/persistence/criteria/CriteriaBuilder done
Event: 19.477 loading class org/springframework/data/jpa/repository/query/ParameterMetadataProvider
Event: 19.477 loading class org/springframework/data/jpa/repository/query/ParameterMetadataProvider done
Event: 19.477 loading class org/springframework/data/jpa/repository/query/PartTreeJpaQuery$CountQueryPreparer
Event: 19.477 loading class org/springframework/data/jpa/repository/query/PartTreeJpaQuery$CountQueryPreparer done


Dynamic libraries:
0x000000013f5f0000 - 0x000000013f627000 	D:\java\jdk\jdk\bin\java.exe
0x0000000077bb0000 - 0x0000000077d4f000 	C:\Windows\SYSTEM32\ntdll.dll
0x0000000077a90000 - 0x0000000077baf000 	C:\Windows\system32\kernel32.dll
0x000007fefda80000 - 0x000007fefdaea000 	C:\Windows\system32\KERNELBASE.dll
0x000007fefe2e0000 - 0x000007fefe3bb000 	C:\Windows\system32\ADVAPI32.dll
0x000007fefe110000 - 0x000007fefe1af000 	C:\Windows\system32\msvcrt.dll
0x000007feffdf0000 - 0x000007feffe0f000 	C:\Windows\SYSTEM32\sechost.dll
0x000007fefe1b0000 - 0x000007fefe2dd000 	C:\Windows\system32\RPCRT4.dll
0x0000000077990000 - 0x0000000077a8a000 	C:\Windows\system32\USER32.dll
0x000007feff7d0000 - 0x000007feff837000 	C:\Windows\system32\GDI32.dll
0x000007feffe90000 - 0x000007feffe9e000 	C:\Windows\system32\LPK.dll
0x000007fefe440000 - 0x000007fefe50b000 	C:\Windows\system32\USP10.dll
0x000007fefb7b0000 - 0x000007fefb9a4000 	C:\Windows\WinSxS\amd64_microsoft.windows.common-controls_6595b64144ccf1df_6.0.7601.18837_none_fa3b1e3d17594757\COMCTL32.dll
0x000007fefe3c0000 - 0x000007fefe431000 	C:\Windows\system32\SHLWAPI.dll
0x000007feff5c0000 - 0x000007feff5ee000 	C:\Windows\system32\IMM32.DLL
0x000007fefe000000 - 0x000007fefe109000 	C:\Windows\system32\MSCTF.dll
0x000000006ba20000 - 0x000000006baf2000 	D:\java\jdk\jdk\jre\bin\msvcr100.dll
0x000000005f420000 - 0x000000005fcc4000 	D:\java\jdk\jdk\jre\bin\server\jvm.dll
0x000007fef39a0000 - 0x000007fef39a9000 	C:\Windows\system32\WSOCK32.dll
0x000007fefe510000 - 0x000007fefe55d000 	C:\Windows\system32\WS2_32.dll
0x000007fefdd20000 - 0x000007fefdd28000 	C:\Windows\system32\NSI.dll
0x000007fefa1f0000 - 0x000007fefa22b000 	C:\Windows\system32\WINMM.dll
0x000007fefc230000 - 0x000007fefc23c000 	C:\Windows\system32\VERSION.dll
0x0000000077d50000 - 0x0000000077d57000 	C:\Windows\system32\PSAPI.DLL
0x000000006ba10000 - 0x000000006ba1f000 	D:\java\jdk\jdk\jre\bin\verify.dll
0x000000006b9e0000 - 0x000000006ba09000 	D:\java\jdk\jdk\jre\bin\java.dll
0x000000006fcc0000 - 0x000000006fcf5000 	D:\java\jdk\jdk\jre\bin\jdwp.dll
0x00000000743e0000 - 0x00000000743e8000 	D:\java\jdk\jdk\jre\bin\npt.dll
0x000000006fc90000 - 0x000000006fcb3000 	D:\java\jdk\jdk\jre\bin\instrument.dll
0x000000006b9c0000 - 0x000000006b9d6000 	D:\java\jdk\jdk\jre\bin\zip.dll
0x000007fefe560000 - 0x000007feff2ea000 	C:\Windows\system32\SHELL32.dll
0x000007feffb70000 - 0x000007feffd6d000 	C:\Windows\system32\ole32.dll
0x000007fefd880000 - 0x000007fefd88f000 	C:\Windows\system32\profapi.dll
0x00000000740b0000 - 0x00000000740b9000 	D:\java\jdk\jdk\jre\bin\dt_socket.dll
0x000007fefd020000 - 0x000007fefd075000 	C:\Windows\system32\mswsock.dll
0x000007fefc300000 - 0x000007fefc307000 	C:\Windows\System32\wshtcpip.dll
0x000000006af90000 - 0x000000006afaa000 	D:\java\jdk\jdk\jre\bin\net.dll
0x000007fefd010000 - 0x000007fefd017000 	C:\Windows\System32\wship6.dll
0x0000000060b40000 - 0x0000000060b51000 	D:\java\jdk\jdk\jre\bin\nio.dll
0x000000006fc80000 - 0x000000006fc8d000 	D:\java\jdk\jdk\jre\bin\management.dll
0x000007fefadc0000 - 0x000007fefadd5000 	C:\Windows\system32\NLAapi.dll
0x000007fefa230000 - 0x000007fefa245000 	C:\Windows\system32\napinsp.dll
0x000007fef9eb0000 - 0x000007fef9ec9000 	C:\Windows\system32\pnrpnsp.dll
0x000007fefcea0000 - 0x000007fefcefb000 	C:\Windows\system32\DNSAPI.dll
0x000007fef9ea0000 - 0x000007fef9eab000 	C:\Windows\System32\winrnr.dll
0x0000000072c50000 - 0x0000000072c76000 	C:\Program Files\Bonjour\mdnsNSP.dll
0x000007fefabd0000 - 0x000007fefabf7000 	C:\Windows\system32\Iphlpapi.DLL
0x000007fefac70000 - 0x000007fefac7b000 	C:\Windows\system32\WINNSI.DLL
0x000007fefa400000 - 0x000007fefa408000 	C:\Windows\system32\rasadhlp.dll
0x000007fefac10000 - 0x000007fefac63000 	C:\Windows\System32\fwpuclnt.dll
0x000007fefd080000 - 0x000007fefd098000 	C:\Windows\system32\CRYPTSP.dll
0x000007fefcd80000 - 0x000007fefcdc7000 	C:\Windows\system32\rsaenh.dll
0x000007fefdbb0000 - 0x000007fefdbce000 	C:\Windows\system32\USERENV.dll
0x000007fefd720000 - 0x000007fefd72f000 	C:\Windows\system32\CRYPTBASE.dll
0x000007fefabb0000 - 0x000007fefabc1000 	C:\Windows\system32\dhcpcsvc6.DLL
0x000007fefab80000 - 0x000007fefab98000 	C:\Windows\system32\dhcpcsvc.DLL

VM Arguments:
jvm_args: -agentlib:jdwp=transport=dt_socket,address=127.0.0.1:59863,suspend=y,server=n -ea -Didea.test.cyclic.buffer.size=1048576 -javaagent:C:\Users\Administrator\.IntelliJIdea2018.1\system\captureAgent\debugger-agent.jar=file:/C:/Users/Administrator/AppData/Local/Temp/capture.props -Dfile.encoding=UTF-8 
java_command: com.intellij.rt.execution.junit.JUnitStarter -ideVersion5 -junit4 com.imooc.service.impl.OrderServiceImplTest,create
java_class_path (initial): D:\IDEA\IntelliJ IDEA 2018.1\lib\idea_rt.jar;D:\IDEA\IntelliJ IDEA 2018.1\plugins\junit\lib\junit-rt.jar;D:\IDEA\IntelliJ IDEA 2018.1\plugins\junit\lib\junit5-rt.jar;D:\java\jdk\jdk\jre\lib\charsets.jar;D:\java\jdk\jdk\jre\lib\deploy.jar;D:\java\jdk\jdk\jre\lib\ext\access-bridge-64.jar;D:\java\jdk\jdk\jre\lib\ext\cldrdata.jar;D:\java\jdk\jdk\jre\lib\ext\dnsns.jar;D:\java\jdk\jdk\jre\lib\ext\jaccess.jar;D:\java\jdk\jdk\jre\lib\ext\jfxrt.jar;D:\java\jdk\jdk\jre\lib\ext\localedata.jar;D:\java\jdk\jdk\jre\lib\ext\nashorn.jar;D:\java\jdk\jdk\jre\lib\ext\sunec.jar;D:\java\jdk\jdk\jre\lib\ext\sunjce_provider.jar;D:\java\jdk\jdk\jre\lib\ext\sunmscapi.jar;D:\java\jdk\jdk\jre\lib\ext\sunpkcs11.jar;D:\java\jdk\jdk\jre\lib\ext\zipfs.jar;D:\java\jdk\jdk\jre\lib\javaws.jar;D:\java\jdk\jdk\jre\lib\jce.jar;D:\java\jdk\jdk\jre\lib\jfr.jar;D:\java\jdk\jdk\jre\lib\jfxswt.jar;D:\java\jdk\jdk\jre\lib\jsse.jar;D:\java\jdk\jdk\jre\lib\management-agent.jar;D:\java\jdk\jdk\jre\lib\plugin.jar;D:\java\jdk\jdk\jre\lib\resources.jar;D:\java\jdk\jdk\jre\lib\rt.jar;D:\SpringBoot\target\test-classes;D:\SpringBoot\target\classes;D:\java\apache-maven-3.5.4\rebo\org\springframework\boot\spring-boot-starter-web\2.1.1.RELEASE\spring-boot-starter-web-2.1.1.RELEASE.jar;D:\java\apache-maven-3.5.4\rebo\org\springframework\boot\spring-boot-starter\2.1.1.RELEASE\spring-boot-starter-2.1.1.RELEASE.jar;D:\java\apache-maven-3.5.4\rebo\org\springframework\boot\spring-boot\2.1.1.RELEASE\spring-boot-2.1.1.RELEASE.jar;D:\java\apache-maven-3.5.4\rebo\org\springframework\boot\spring-boot-autoconfigure\2.1.1.RELEASE\spring-boot-autoconfigure-2.1.1.RELEASE.jar;D:\java\apache-maven-3.5.4\rebo\org\springframework\boot\spring-boot-starter-logging\2.1.1.RELEASE\spring-boot-starter-logging-2.1.1.RELEASE.jar;D:\java\apache-maven-3.5.4\rebo\ch\qos\logback\logback-classic\1.2.3\logback-classic-1.2.3.jar;D:\java\apache-maven-3.5.4\rebo\ch\qos\logback\logback-core\1.2.3\logback-core-1.2.3.jar;D:\java\
Launcher Type: SUN_STANDARD

Environment Variables:
JAVA_HOME=D:\java\jdk\jdk
PATH=D:\java\scala\bin;C:\Program Files (x86)\Common Files\Oracle\Java\javapath;C:\Windows\system32;C:\Windows;C:\Windows\System32\Wbem;C:\Windows\System32\WindowsPowerShell\v1.0\;D:\java\mysql\mysql-5.7.24-winx64\bin;D:\java\jdk\jdk\bin;D:\java\jdk\jdk\jre\bin;C:\Program Files\Git\cmd;D:\Program Files (x86)\;C:\Users\Administrator\AppData\Roaming\npm
USERNAME=Administrator
OS=Windows_NT
PROCESSOR_IDENTIFIER=Intel64 Family 6 Model 58 Stepping 9, GenuineIntel



---------------  S Y S T E M  ---------------

OS: Windows 7 , 64 bit Build 7601 (6.1.7601.24150)

CPU:total 2 (initial active 2) (2 cores per cpu, 1 threads per core) family 6 model 58 stepping 9, cmov, cx8, fxsr, mmx, sse, sse2, sse3, ssse3, sse4.1, sse4.2, popcnt, clmul, erms, tsc, tscinvbit, tscinv

Memory: 4k page, physical 8281520k(1455660k free), swap 8279644k(5116k free)

vm_info: Java HotSpot(TM) 64-Bit Server VM (25.191-b12) for windows-amd64 JRE (1.8.0_191-b12), built on Oct  6 2018 09:29:03 by "java_re" with MS VC++ 10.0 (VS2010)

time: Tue Jan 15 19:28:21 2019
elapsed time: 19 seconds (0d 0h 0m 19s)

