#
# There is insufficient memory for the Java Runtime Environment to continue.
# Native memory allocation (malloc) failed to allocate 1018320 bytes for Chunk::new
# Possible reasons:
#   The system is out of physical RAM or swap space
#   In 32 bit mode, the process size limit was hit
# Possible solutions:
#   Reduce memory load on the system
#   Increase physical memory or swap space
#   Check if swap backing store is full
#   Use 64 bit Java on a 64 bit OS
#   Decrease Java heap size (-Xmx/-Xms)
#   Decrease number of Java threads
#   Decrease Java thread stack sizes (-Xss)
#   Set larger code cache with -XX:ReservedCodeCacheSize=
# This output file may be truncated or incomplete.
#
#  Out of Memory Error (allocation.cpp:390), pid=6012, tid=0x0000000000002554
#
# JRE version: Java(TM) SE Runtime Environment (8.0_191-b12) (build 1.8.0_191-b12)
# Java VM: Java HotSpot(TM) 64-Bit Server VM (25.191-b12 mixed mode windows-amd64 compressed oops)
# Failed to write core dump. Minidumps are not enabled by default on client versions of Windows
#

---------------  T H R E A D  ---------------

Current thread (0x0000000058c6d000):  JavaThread "C2 CompilerThread0" daemon [_thread_in_native, id=9556, stack(0x0000000058080000,0x0000000058180000)]

Stack: [0x0000000058080000,0x0000000058180000]
[error occurred during error reporting (printing stack bounds), id 0xc0000005]

Native frames: (J=compiled Java code, j=interpreted, Vv=VM code, C=native code)


Current CompileTask:
C2:  38907 4697   !   4       org.springframework.core.annotation.AnnotationUtils::findAnnotation (171 bytes)


---------------  P R O C E S S  ---------------

Java Threads: ( => current thread )
  0x000000005be8b000 JavaThread "HikariPool-1 housekeeper" daemon [_thread_blocked, id=5436, stack(0x000000005c680000,0x000000005c780000)]
  0x000000005d6be800 JavaThread "Abandoned connection cleanup thread" daemon [_thread_blocked, id=7888, stack(0x000000005c420000,0x000000005c520000)]
  0x0000000058c75000 JavaThread "Service Thread" daemon [_thread_blocked, id=8356, stack(0x0000000059760000,0x0000000059860000)]
  0x0000000058c6d800 JavaThread "C1 CompilerThread1" daemon [_thread_blocked, id=8900, stack(0x0000000059610000,0x0000000059710000)]
=>0x0000000058c6d000 JavaThread "C2 CompilerThread0" daemon [_thread_in_native, id=9556, stack(0x0000000058080000,0x0000000058180000)]
  0x00000000570ae000 JavaThread "JDWP Command Reader" daemon [_thread_in_native, id=4532, stack(0x0000000058770000,0x0000000058870000)]
  0x00000000570aa800 JavaThread "JDWP Event Helper Thread" daemon [_thread_blocked, id=3588, stack(0x0000000058590000,0x0000000058690000)]
  0x00000000570a5800 JavaThread "JDWP Transport Listener: dt_socket" daemon [_thread_blocked, id=7776, stack(0x00000000583c0000,0x00000000584c0000)]
  0x0000000057082800 JavaThread "Attach Listener" daemon [_thread_blocked, id=10148, stack(0x00000000581b0000,0x00000000582b0000)]
  0x000000005706c000 JavaThread "Signal Dispatcher" daemon [_thread_blocked, id=1156, stack(0x0000000057f40000,0x0000000058040000)]
  0x0000000057056800 JavaThread "Finalizer" daemon [_thread_blocked, id=7128, stack(0x0000000057dd0000,0x0000000057ed0000)]
  0x000000005704d000 JavaThread "Reference Handler" daemon [_thread_blocked, id=10120, stack(0x0000000057cc0000,0x0000000057dc0000)]
  0x0000000002345000 JavaThread "main" [_thread_in_native, id=4904, stack(0x0000000002610000,0x0000000002710000)]

Other Threads:
  0x0000000057005000 VMThread [stack: 0x0000000057b30000,0x0000000057c30000] [id=8584]
  0x0000000058c8c000 WatcherThread [stack: 0x00000000598f0000,0x00000000599f0000] [id=2944]

VM state:not at safepoint (normal execution)

VM Mutex/Monitor currently owned by a thread: None

Heap:
 PSYoungGen      total 185344K, used 66780K [0x00000000d5e00000, 0x00000000e3b80000, 0x0000000100000000)
  eden space 173568K, 31% used [0x00000000d5e00000,0x00000000d94095f8,0x00000000e0780000)
  from space 11776K, 97% used [0x00000000e0780000,0x00000000e12adcb0,0x00000000e1300000)
  to   space 12800K, 0% used [0x00000000e2f00000,0x00000000e2f00000,0x00000000e3b80000)
 ParOldGen       total 69632K, used 17971K [0x0000000081a00000, 0x0000000085e00000, 0x00000000d5e00000)
  object space 69632K, 25% used [0x0000000081a00000,0x0000000082b8cc90,0x0000000085e00000)
 Metaspace       used 53690K, capacity 56046K, committed 56112K, reserved 1097728K
  class space    used 7317K, capacity 7709K, committed 7728K, reserved 1048576K

Card table byte_map: [0x0000000011ad0000,0x0000000011ed0000] byte_map_base: 0x00000000116c3000

Marking Bits: (ParMarkBitMap*) 0x000000005fc43e30
 Begin Bits: [0x00000000123a0000, 0x0000000014338000)
 End Bits:   [0x0000000014338000, 0x00000000162d0000)

Polling page: 0x0000000000340000

CodeCache: size=245760Kb used=15380Kb max_used=15855Kb free=230379Kb
 bounds [0x0000000002710000, 0x00000000036d0000, 0x0000000011710000]
 total_blobs=4716 nmethods=4210 adapters=425
 compilation: enabled

Compilation events (10 events):
Event: 38.739 Thread 0x0000000058c6d800 4701   !   3       com.sun.proxy.$Proxy14::equals (39 bytes)
Event: 38.739 Thread 0x0000000058c6d800 nmethod 4701 0x00000000028ed9d0 code [0x00000000028edb80, 0x00000000028ee2b8]
Event: 38.740 Thread 0x0000000058c6d800 4702   !   3       com.sun.proxy.$Proxy13::hashCode (32 bytes)
Event: 38.741 Thread 0x0000000058c6d800 nmethod 4702 0x0000000002f85610 code [0x0000000002f857c0, 0x0000000002f85cf8]
Event: 38.743 Thread 0x0000000058c6d800 4703   !   3       com.sun.proxy.$Proxy21::hashCode (32 bytes)
Event: 38.743 Thread 0x0000000058c6d800 nmethod 4703 0x00000000031e1350 code [0x00000000031e1500, 0x00000000031e1a38]
Event: 38.749 Thread 0x0000000058c6d800 4704   !   3       org.springframework.core.$Proxy30::hashCode (32 bytes)
Event: 38.750 Thread 0x0000000058c6d800 nmethod 4704 0x00000000030edf10 code [0x00000000030ee0c0, 0x00000000030ee5f8]
Event: 38.751 Thread 0x0000000058c6d800 4705       3       org.springframework.aop.framework.AbstractAdvisingBeanPostProcessor::isEligible (61 bytes)
Event: 38.752 Thread 0x0000000058c6d800 nmethod 4705 0x000000000310bfd0 code [0x000000000310c180, 0x000000000310c8a8]

GC Heap History (10 events):
Event: 17.321 GC heap before
{Heap before GC invocations=9 (full 1):
 PSYoungGen      total 70144K, used 66909K [0x00000000d5e00000, 0x00000000ddf00000, 0x0000000100000000)
  eden space 61440K, 100% used [0x00000000d5e00000,0x00000000d9a00000,0x00000000d9a00000)
  from space 8704K, 62% used [0x00000000d9a00000,0x00000000d9f574d8,0x00000000da280000)
  to   space 8192K, 0% used [0x00000000dd700000,0x00000000dd700000,0x00000000ddf00000)
 ParOldGen       total 47104K, used 6119K [0x0000000081a00000, 0x0000000084800000, 0x00000000d5e00000)
  object space 47104K, 12% used [0x0000000081a00000,0x0000000081ff9db0,0x0000000084800000)
 Metaspace       used 30421K, capacity 31476K, committed 31536K, reserved 1077248K
  class space    used 3902K, capacity 4142K, committed 4144K, reserved 1048576K
Event: 17.496 GC heap after
Heap after GC invocations=9 (full 1):
 PSYoungGen      total 122880K, used 8187K [0x00000000d5e00000, 0x00000000de280000, 0x0000000100000000)
  eden space 114688K, 0% used [0x00000000d5e00000,0x00000000d5e00000,0x00000000dce00000)
  from space 8192K, 99% used [0x00000000dd700000,0x00000000ddefecb8,0x00000000ddf00000)
  to   space 9216K, 0% used [0x00000000dce00000,0x00000000dce00000,0x00000000dd700000)
 ParOldGen       total 47104K, used 6319K [0x0000000081a00000, 0x0000000084800000, 0x00000000d5e00000)
  object space 47104K, 13% used [0x0000000081a00000,0x000000008202bdd0,0x0000000084800000)
 Metaspace       used 30421K, capacity 31476K, committed 31536K, reserved 1077248K
  class space    used 3902K, capacity 4142K, committed 4144K, reserved 1048576K
}
Event: 20.766 GC heap before
{Heap before GC invocations=10 (full 1):
 PSYoungGen      total 122880K, used 70305K [0x00000000d5e00000, 0x00000000de280000, 0x0000000100000000)
  eden space 114688K, 54% used [0x00000000d5e00000,0x00000000d9aa9998,0x00000000dce00000)
  from space 8192K, 99% used [0x00000000dd700000,0x00000000ddefecb8,0x00000000ddf00000)
  to   space 9216K, 0% used [0x00000000dce00000,0x00000000dce00000,0x00000000dd700000)
 ParOldGen       total 47104K, used 6319K [0x0000000081a00000, 0x0000000084800000, 0x00000000d5e00000)
  object space 47104K, 13% used [0x0000000081a00000,0x000000008202bdd0,0x0000000084800000)
 Metaspace       used 34070K, capacity 35324K, committed 35496K, reserved 1081344K
  class space    used 4338K, capacity 4600K, committed 4656K, reserved 1048576K
Event: 20.832 GC heap after
Heap after GC invocations=10 (full 1):
 PSYoungGen      total 123904K, used 9204K [0x00000000d5e00000, 0x00000000e1e80000, 0x0000000100000000)
  eden space 114688K, 0% used [0x00000000d5e00000,0x00000000d5e00000,0x00000000dce00000)
  from space 9216K, 99% used [0x00000000dce00000,0x00000000dd6fd1d8,0x00000000dd700000)
  to   space 10240K, 0% used [0x00000000e1480000,0x00000000e1480000,0x00000000e1e80000)
 ParOldGen       total 47104K, used 6822K [0x0000000081a00000, 0x0000000084800000, 0x00000000d5e00000)
  object space 47104K, 14% used [0x0000000081a00000,0x00000000820a9868,0x0000000084800000)
 Metaspace       used 34070K, capacity 35324K, committed 35496K, reserved 1081344K
  class space    used 4338K, capacity 4600K, committed 4656K, reserved 1048576K
}
Event: 20.832 GC heap before
{Heap before GC invocations=11 (full 2):
 PSYoungGen      total 123904K, used 9204K [0x00000000d5e00000, 0x00000000e1e80000, 0x0000000100000000)
  eden space 114688K, 0% used [0x00000000d5e00000,0x00000000d5e00000,0x00000000dce00000)
  from space 9216K, 99% used [0x00000000dce00000,0x00000000dd6fd1d8,0x00000000dd700000)
  to   space 10240K, 0% used [0x00000000e1480000,0x00000000e1480000,0x00000000e1e80000)
 ParOldGen       total 47104K, used 6822K [0x0000000081a00000, 0x0000000084800000, 0x00000000d5e00000)
  object space 47104K, 14% used [0x0000000081a00000,0x00000000820a9868,0x0000000084800000)
 Metaspace       used 34070K, capacity 35324K, committed 35496K, reserved 1081344K
  class space    used 4338K, capacity 4600K, committed 4656K, reserved 1048576K
Event: 21.187 GC heap after
Heap after GC invocations=11 (full 2):
 PSYoungGen      total 123904K, used 0K [0x00000000d5e00000, 0x00000000e1e80000, 0x0000000100000000)
  eden space 114688K, 0% used [0x00000000d5e00000,0x00000000d5e00000,0x00000000dce00000)
  from space 9216K, 0% used [0x00000000dce00000,0x00000000dce00000,0x00000000dd700000)
  to   space 10240K, 0% used [0x00000000e1480000,0x00000000e1480000,0x00000000e1e80000)
 ParOldGen       total 69632K, used 14388K [0x0000000081a00000, 0x0000000085e00000, 0x00000000d5e00000)
  object space 69632K, 20% used [0x0000000081a00000,0x000000008280d368,0x0000000085e00000)
 Metaspace       used 34070K, capacity 35324K, committed 35496K, reserved 1081344K
  class space    used 4338K, capacity 4600K, committed 4656K, reserved 1048576K
}
Event: 30.615 GC heap before
{Heap before GC invocations=12 (full 2):
 PSYoungGen      total 123904K, used 114688K [0x00000000d5e00000, 0x00000000e1e80000, 0x0000000100000000)
  eden space 114688K, 100% used [0x00000000d5e00000,0x00000000dce00000,0x00000000dce00000)
  from space 9216K, 0% used [0x00000000dce00000,0x00000000dce00000,0x00000000dd700000)
  to   space 10240K, 0% used [0x00000000e1480000,0x00000000e1480000,0x00000000e1e80000)
 ParOldGen       total 69632K, used 14388K [0x0000000081a00000, 0x0000000085e00000, 0x00000000d5e00000)
  object space 69632K, 20% used [0x0000000081a00000,0x000000008280d368,0x0000000085e00000)
 Metaspace       used 43162K, capacity 44540K, committed 44720K, reserved 1087488K
  class space    used 5751K, capacity 6038K, committed 6064K, reserved 1048576K
Event: 30.632 GC heap after
Heap after GC invocations=12 (full 2):
 PSYoungGen      total 164352K, used 10238K [0x00000000d5e00000, 0x00000000e1e80000, 0x0000000100000000)
  eden space 154112K, 0% used [0x00000000d5e00000,0x00000000d5e00000,0x00000000df480000)
  from space 10240K, 99% used [0x00000000e1480000,0x00000000e1e7fa30,0x00000000e1e80000)
  to   space 11776K, 0% used [0x00000000e0780000,0x00000000e0780000,0x00000000e1300000)
 ParOldGen       total 69632K, used 14531K [0x0000000081a00000, 0x0000000085e00000, 0x00000000d5e00000)
  object space 69632K, 20% used [0x0000000081a00000,0x0000000082830f68,0x0000000085e00000)
 Metaspace       used 43162K, capacity 44540K, committed 44720K, reserved 1087488K
  class space    used 5751K, capacity 6038K, committed 6064K, reserved 1048576K
}
Event: 36.911 GC heap before
{Heap before GC invocations=13 (full 2):
 PSYoungGen      total 164352K, used 164350K [0x00000000d5e00000, 0x00000000e1e80000, 0x0000000100000000)
  eden space 154112K, 100% used [0x00000000d5e00000,0x00000000df480000,0x00000000df480000)
  from space 10240K, 99% used [0x00000000e1480000,0x00000000e1e7fa30,0x00000000e1e80000)
  to   space 11776K, 0% used [0x00000000e0780000,0x00000000e0780000,0x00000000e1300000)
 ParOldGen       total 69632K, used 14531K [0x0000000081a00000, 0x0000000085e00000, 0x00000000d5e00000)
  object space 69632K, 20% used [0x0000000081a00000,0x0000000082830f68,0x0000000085e00000)
 Metaspace       used 52851K, capacity 55192K, committed 55344K, reserved 1097728K
  class space    used 7207K, capacity 7628K, committed 7728K, reserved 1048576K
Event: 36.937 GC heap after
Heap after GC invocations=13 (full 2):
 PSYoungGen      total 185344K, used 11447K [0x00000000d5e00000, 0x00000000e3b80000, 0x0000000100000000)
  eden space 173568K, 0% used [0x00000000d5e00000,0x00000000d5e00000,0x00000000e0780000)
  from space 11776K, 97% used [0x00000000e0780000,0x00000000e12adcb0,0x00000000e1300000)
  to   space 12800K, 0% used [0x00000000e2f00000,0x00000000e2f00000,0x00000000e3b80000)
 ParOldGen       total 69632K, used 17971K [0x0000000081a00000, 0x0000000085e00000, 0x00000000d5e00000)
  object space 69632K, 25% used [0x0000000081a00000,0x0000000082b8cc90,0x0000000085e00000)
 Metaspace       used 52851K, capacity 55192K, committed 55344K, reserved 1097728K
  class space    used 7207K, capacity 7628K, committed 7728K, reserved 1048576K
}

Deoptimization events (10 events):
Event: 33.837 Thread 0x0000000002345000 Uncommon trap: reason=class_check action=maybe_recompile pc=0x00000000034fffc0 method=org.springframework.util.ConcurrentReferenceHashMap$Segment.findInChain(Lorg/springframework/util/ConcurrentReferenceHashMap$Reference;Ljava/lang/Object;I)Lorg/springfra
Event: 35.079 Thread 0x0000000002345000 Uncommon trap: reason=null_check action=make_not_entrant pc=0x00000000035c8a6c method=org.springframework.core.annotation.AnnotatedElementUtils.searchWithFindSemantics(Ljava/lang/reflect/AnnotatedElement;Ljava/util/Set;Ljava/lang/String;Ljava/lang/Class;L
Event: 35.726 Thread 0x0000000002345000 Uncommon trap: reason=range_check action=make_not_entrant pc=0x000000000330e6b8 method=java.lang.String.charAt(I)C @ 27
Event: 35.740 Thread 0x0000000002345000 Uncommon trap: reason=unstable_if action=reinterpret pc=0x00000000032e2c20 method=org.springframework.asm.Type.appendDescriptor(Ljava/lang/Class;Ljava/lang/StringBuilder;)V @ 61
Event: 35.745 Thread 0x0000000002345000 Uncommon trap: reason=unstable_if action=reinterpret pc=0x0000000002a3c9d0 method=java.lang.Class.arrayContentsEq([Ljava/lang/Object;[Ljava/lang/Object;)Z @ 1
Event: 35.747 Thread 0x0000000002345000 Uncommon trap: reason=unstable_if action=reinterpret pc=0x000000000334f388 method=org.springframework.aop.framework.autoproxy.AbstractAutoProxyCreator.predictBeanType(Ljava/lang/Class;Ljava/lang/String;)Ljava/lang/Class; @ 9
Event: 35.748 Thread 0x0000000002345000 Uncommon trap: reason=unstable_if action=reinterpret pc=0x0000000003188e90 method=org.springframework.beans.factory.support.AbstractAutowireCapableBeanFactory.predictBeanType(Ljava/lang/String;Lorg/springframework/beans/factory/support/RootBeanDefinition;
Event: 36.122 Thread 0x0000000002345000 Uncommon trap: reason=unstable_if action=reinterpret pc=0x00000000028580ec method=java.util.WeakHashMap.put(Ljava/lang/Object;Ljava/lang/Object;)Ljava/lang/Object; @ 47
Event: 36.700 Thread 0x0000000002345000 Uncommon trap: reason=unstable_if action=reinterpret pc=0x0000000002c4e838 method=java.io.WinNTFileSystem.prefixLength(Ljava/lang/String;)I @ 68
Event: 37.495 Thread 0x0000000002345000 Uncommon trap: reason=unstable_if action=reinterpret pc=0x0000000002cce7f4 method=org.springframework.core.annotation.AnnotatedElementUtils.searchWithFindSemantics(Ljava/lang/reflect/AnnotatedElement;Ljava/util/Set;Ljava/lang/String;Ljava/lang/Class;Lorg/

Classes redefined (0 events):
No events

Internal exceptions (10 events):
Event: 37.727 Thread 0x0000000002345000 Exception <a 'java/lang/ClassNotFoundException': org/springframework/beans/factory/BeanFactoryAwareCustomizer> (0x00000000d91d4168) thrown at [C:\re\workspace\8-2-build-windows-amd64-cygwin\jdk8u191\11896\hotspot\src\share\vm\classfile\systemDictionary.cp
Event: 37.728 Thread 0x0000000002345000 Exception <a 'java/lang/ClassNotFoundException': org/springframework/beans/factory/AwareCustomizer> (0x00000000d91eed40) thrown at [C:\re\workspace\8-2-build-windows-amd64-cygwin\jdk8u191\11896\hotspot\src\share\vm\classfile\systemDictionary.cpp, line 210
Event: 37.736 Thread 0x0000000002345000 Exception <a 'java/lang/ClassNotFoundException': org/springframework/boot/jackson/JsonComponentModuleBeanInfo> (0x00000000d9284c48) thrown at [C:\re\workspace\8-2-build-windows-amd64-cygwin\jdk8u191\11896\hotspot\src\share\vm\classfile\systemDictionary.cp
Event: 37.737 Thread 0x0000000002345000 Exception <a 'java/lang/ClassNotFoundException': org/springframework/boot/jackson/JsonComponentModuleCustomizer> (0x00000000d92a13b0) thrown at [C:\re\workspace\8-2-build-windows-amd64-cygwin\jdk8u191\11896\hotspot\src\share\vm\classfile\systemDictionary.
Event: 37.738 Thread 0x0000000002345000 Exception <a 'java/lang/ClassNotFoundException': org/springframework/beans/factory/BeanFactoryAwareCustomizer> (0x00000000d92d5ad0) thrown at [C:\re\workspace\8-2-build-windows-amd64-cygwin\jdk8u191\11896\hotspot\src\share\vm\classfile\systemDictionary.cp
Event: 37.739 Thread 0x0000000002345000 Exception <a 'java/lang/ClassNotFoundException': org/springframework/beans/factory/AwareCustomizer> (0x00000000d92efd20) thrown at [C:\re\workspace\8-2-build-windows-amd64-cygwin\jdk8u191\11896\hotspot\src\share\vm\classfile\systemDictionary.cpp, line 210
Event: 37.740 Thread 0x0000000002345000 Exception <a 'java/lang/ClassNotFoundException': com/fasterxml/jackson/core/VersionedCustomizer> (0x00000000d9307bc8) thrown at [C:\re\workspace\8-2-build-windows-amd64-cygwin\jdk8u191\11896\hotspot\src\share\vm\classfile\systemDictionary.cpp, line 210]
Event: 38.748 Thread 0x0000000002345000 Exception <a 'java/lang/ClassNotFoundException': java/lang/ObjectCustomizer> (0x00000000d937fea8) thrown at [C:\re\workspace\8-2-build-windows-amd64-cygwin\jdk8u191\11896\hotspot\src\share\vm\classfile\systemDictionary.cpp, line 210]
Event: 38.749 Thread 0x0000000002345000 Exception <a 'java/lang/ClassNotFoundException': org/springframework/data/web/config/SpringDataJacksonConfigurationCustomizer> (0x00000000d93a5338) thrown at [C:\re\workspace\8-2-build-windows-amd64-cygwin\jdk8u191\11896\hotspot\src\share\vm\classfile\sys
Event: 38.751 Thread 0x0000000002345000 Exception <a 'java/lang/ClassNotFoundException': org/springframework/data/web/config/SpringDataJacksonModulesCustomizer> (0x00000000d93c72f8) thrown at [C:\re\workspace\8-2-build-windows-amd64-cygwin\jdk8u191\11896\hotspot\src\share\vm\classfile\systemDic

Events (10 events):
Event: 38.751 Thread 0x0000000002345000 DEOPT PACKING pc=0x0000000002cb27d4 sp=0x00000000027060a0
Event: 38.751 Thread 0x0000000002345000 DEOPT UNPACKING pc=0x0000000002757490 sp=0x0000000002705df8 mode 1
Event: 38.752 loading class org/springframework/data/geo/Distance
Event: 38.752 loading class org/springframework/data/geo/Distance done
Event: 38.752 Thread 0x0000000002345000 DEOPT PACKING pc=0x000000000357901c sp=0x00000000027055c0
Event: 38.752 Thread 0x0000000002345000 DEOPT UNPACKING pc=0x0000000002757490 sp=0x0000000002705290 mode 1
Event: 38.753 loading class org/springframework/data/geo/GeoModule$DistanceMixin
Event: 38.753 loading class org/springframework/data/geo/GeoModule$DistanceMixin done
Event: 38.753 Thread 0x0000000002345000 DEOPT PACKING pc=0x000000000357901c sp=0x00000000027055b0
Event: 38.753 Thread 0x0000000002345000 DEOPT UNPACKING pc=0x0000000002757490 sp=0x0000000002705280 mode 1


Dynamic libraries:
0x000000013f5f0000 - 0x000000013f627000 	D:\java\jdk\jdk\bin\java.exe
0x0000000077bb0000 - 0x0000000077d4f000 	C:\Windows\SYSTEM32\ntdll.dll
0x0000000077a90000 - 0x0000000077baf000 	C:\Windows\system32\kernel32.dll
0x000007fefda80000 - 0x000007fefdaea000 	C:\Windows\system32\KERNELBASE.dll
0x000007fefe2e0000 - 0x000007fefe3bb000 	C:\Windows\system32\ADVAPI32.dll
0x000007fefe110000 - 0x000007fefe1af000 	C:\Windows\system32\msvcrt.dll
0x000007feffdf0000 - 0x000007feffe0f000 	C:\Windows\SYSTEM32\sechost.dll
0x000007fefe1b0000 - 0x000007fefe2dd000 	C:\Windows\system32\RPCRT4.dll
0x0000000077990000 - 0x0000000077a8a000 	C:\Windows\system32\USER32.dll
0x000007feff7d0000 - 0x000007feff837000 	C:\Windows\system32\GDI32.dll
0x000007feffe90000 - 0x000007feffe9e000 	C:\Windows\system32\LPK.dll
0x000007fefe440000 - 0x000007fefe50b000 	C:\Windows\system32\USP10.dll
0x000007fefb7b0000 - 0x000007fefb9a4000 	C:\Windows\WinSxS\amd64_microsoft.windows.common-controls_6595b64144ccf1df_6.0.7601.18837_none_fa3b1e3d17594757\COMCTL32.dll
0x000007fefe3c0000 - 0x000007fefe431000 	C:\Windows\system32\SHLWAPI.dll
0x000007feff5c0000 - 0x000007feff5ee000 	C:\Windows\system32\IMM32.DLL
0x000007fefe000000 - 0x000007fefe109000 	C:\Windows\system32\MSCTF.dll
0x000000006ba20000 - 0x000000006baf2000 	D:\java\jdk\jdk\jre\bin\msvcr100.dll
0x000000005f420000 - 0x000000005fcc4000 	D:\java\jdk\jdk\jre\bin\server\jvm.dll
0x000007fef39a0000 - 0x000007fef39a9000 	C:\Windows\system32\WSOCK32.dll
0x000007fefe510000 - 0x000007fefe55d000 	C:\Windows\system32\WS2_32.dll
0x000007fefdd20000 - 0x000007fefdd28000 	C:\Windows\system32\NSI.dll
0x000007fefa1f0000 - 0x000007fefa22b000 	C:\Windows\system32\WINMM.dll
0x000007fefc230000 - 0x000007fefc23c000 	C:\Windows\system32\VERSION.dll
0x0000000077d50000 - 0x0000000077d57000 	C:\Windows\system32\PSAPI.DLL
0x000000006ba10000 - 0x000000006ba1f000 	D:\java\jdk\jdk\jre\bin\verify.dll
0x000000006b9e0000 - 0x000000006ba09000 	D:\java\jdk\jdk\jre\bin\java.dll
0x000000006fcf0000 - 0x000000006fd25000 	D:\java\jdk\jdk\jre\bin\jdwp.dll
0x00000000743e0000 - 0x00000000743e8000 	D:\java\jdk\jdk\jre\bin\npt.dll
0x000000006fcc0000 - 0x000000006fce3000 	D:\java\jdk\jdk\jre\bin\instrument.dll
0x000000006b9c0000 - 0x000000006b9d6000 	D:\java\jdk\jdk\jre\bin\zip.dll
0x000007fefe560000 - 0x000007feff2ea000 	C:\Windows\system32\SHELL32.dll
0x000007feffb70000 - 0x000007feffd6d000 	C:\Windows\system32\ole32.dll
0x000007fefd880000 - 0x000007fefd88f000 	C:\Windows\system32\profapi.dll
0x00000000740b0000 - 0x00000000740b9000 	D:\java\jdk\jdk\jre\bin\dt_socket.dll
0x000007fefd020000 - 0x000007fefd075000 	C:\Windows\system32\mswsock.dll
0x000007fefc300000 - 0x000007fefc307000 	C:\Windows\System32\wshtcpip.dll
0x000000006af90000 - 0x000000006afaa000 	D:\java\jdk\jdk\jre\bin\net.dll
0x000007fefd010000 - 0x000007fefd017000 	C:\Windows\System32\wship6.dll
0x0000000060b40000 - 0x0000000060b51000 	D:\java\jdk\jdk\jre\bin\nio.dll
0x000000006fcb0000 - 0x000000006fcbd000 	D:\java\jdk\jdk\jre\bin\management.dll
0x000007fefadc0000 - 0x000007fefadd5000 	C:\Windows\system32\NLAapi.dll
0x000007fefa230000 - 0x000007fefa245000 	C:\Windows\system32\napinsp.dll
0x000007fef9eb0000 - 0x000007fef9ec9000 	C:\Windows\system32\pnrpnsp.dll
0x000007fefcea0000 - 0x000007fefcefb000 	C:\Windows\system32\DNSAPI.dll
0x000007fef9ea0000 - 0x000007fef9eab000 	C:\Windows\System32\winrnr.dll
0x0000000072c50000 - 0x0000000072c76000 	C:\Program Files\Bonjour\mdnsNSP.dll
0x000007fefabd0000 - 0x000007fefabf7000 	C:\Windows\system32\Iphlpapi.DLL
0x000007fefac70000 - 0x000007fefac7b000 	C:\Windows\system32\WINNSI.DLL
0x000007fefa400000 - 0x000007fefa408000 	C:\Windows\system32\rasadhlp.dll
0x000007fefac10000 - 0x000007fefac63000 	C:\Windows\System32\fwpuclnt.dll
0x000007fefd080000 - 0x000007fefd098000 	C:\Windows\system32\CRYPTSP.dll
0x000007fefcd80000 - 0x000007fefcdc7000 	C:\Windows\system32\rsaenh.dll
0x000007fefdbb0000 - 0x000007fefdbce000 	C:\Windows\system32\USERENV.dll
0x000007fefd720000 - 0x000007fefd72f000 	C:\Windows\system32\CRYPTBASE.dll
0x000007fefabb0000 - 0x000007fefabc1000 	C:\Windows\system32\dhcpcsvc6.DLL
0x000007fefab80000 - 0x000007fefab98000 	C:\Windows\system32\dhcpcsvc.DLL

VM Arguments:
jvm_args: -agentlib:jdwp=transport=dt_socket,address=127.0.0.1:59287,suspend=y,server=n -ea -Didea.test.cyclic.buffer.size=1048576 -javaagent:C:\Users\Administrator\.IntelliJIdea2018.1\system\captureAgent\debugger-agent.jar=file:/C:/Users/Administrator/AppData/Local/Temp/capture.props -Dfile.encoding=UTF-8 
java_command: com.intellij.rt.execution.junit.JUnitStarter -ideVersion5 -junit4 @w@C:\Users\Administrator\AppData\Local\Temp\idea_working_dirs_junit.tmp @C:\Users\Administrator\AppData\Local\Temp\idea_junit.tmp
java_class_path (initial): D:\IDEA\IntelliJ IDEA 2018.1\lib\idea_rt.jar;D:\IDEA\IntelliJ IDEA 2018.1\plugins\junit\lib\junit-rt.jar;D:\IDEA\IntelliJ IDEA 2018.1\plugins\junit\lib\junit5-rt.jar;D:\java\jdk\jdk\jre\lib\charsets.jar;D:\java\jdk\jdk\jre\lib\deploy.jar;D:\java\jdk\jdk\jre\lib\ext\access-bridge-64.jar;D:\java\jdk\jdk\jre\lib\ext\cldrdata.jar;D:\java\jdk\jdk\jre\lib\ext\dnsns.jar;D:\java\jdk\jdk\jre\lib\ext\jaccess.jar;D:\java\jdk\jdk\jre\lib\ext\jfxrt.jar;D:\java\jdk\jdk\jre\lib\ext\localedata.jar;D:\java\jdk\jdk\jre\lib\ext\nashorn.jar;D:\java\jdk\jdk\jre\lib\ext\sunec.jar;D:\java\jdk\jdk\jre\lib\ext\sunjce_provider.jar;D:\java\jdk\jdk\jre\lib\ext\sunmscapi.jar;D:\java\jdk\jdk\jre\lib\ext\sunpkcs11.jar;D:\java\jdk\jdk\jre\lib\ext\zipfs.jar;D:\java\jdk\jdk\jre\lib\javaws.jar;D:\java\jdk\jdk\jre\lib\jce.jar;D:\java\jdk\jdk\jre\lib\jfr.jar;D:\java\jdk\jdk\jre\lib\jfxswt.jar;D:\java\jdk\jdk\jre\lib\jsse.jar;D:\java\jdk\jdk\jre\lib\management-agent.jar;D:\java\jdk\jdk\jre\lib\plugin.jar;D:\java\jdk\jdk\jre\lib\resources.jar;D:\java\jdk\jdk\jre\lib\rt.jar;D:\SpringBoot\target\test-classes;D:\SpringBoot\target\classes;D:\java\apache-maven-3.5.4\rebo\org\springframework\boot\spring-boot-starter-web\2.1.1.RELEASE\spring-boot-starter-web-2.1.1.RELEASE.jar;D:\java\apache-maven-3.5.4\rebo\org\springframework\boot\spring-boot-starter\2.1.1.RELEASE\spring-boot-starter-2.1.1.RELEASE.jar;D:\java\apache-maven-3.5.4\rebo\org\springframework\boot\spring-boot\2.1.1.RELEASE\spring-boot-2.1.1.RELEASE.jar;D:\java\apache-maven-3.5.4\rebo\org\springframework\boot\spring-boot-autoconfigure\2.1.1.RELEASE\spring-boot-autoconfigure-2.1.1.RELEASE.jar;D:\java\apache-maven-3.5.4\rebo\org\springframework\boot\spring-boot-starter-logging\2.1.1.RELEASE\spring-boot-starter-logging-2.1.1.RELEASE.jar;D:\java\apache-maven-3.5.4\rebo\ch\qos\logback\logback-classic\1.2.3\logback-classic-1.2.3.jar;D:\java\apache-maven-3.5.4\rebo\ch\qos\logback\logback-core\1.2.3\logback-core-1.2.3.jar;D:\java\
Launcher Type: SUN_STANDARD

Environment Variables:
JAVA_HOME=D:\java\jdk\jdk
PATH=D:\java\scala\bin;C:\Program Files (x86)\Common Files\Oracle\Java\javapath;C:\Windows\system32;C:\Windows;C:\Windows\System32\Wbem;C:\Windows\System32\WindowsPowerShell\v1.0\;D:\java\mysql\mysql-5.7.24-winx64\bin;D:\java\jdk\jdk\bin;D:\java\jdk\jdk\jre\bin;C:\Program Files\Git\cmd;D:\Program Files (x86)\;C:\Users\Administrator\AppData\Roaming\npm
USERNAME=Administrator
OS=Windows_NT
PROCESSOR_IDENTIFIER=Intel64 Family 6 Model 58 Stepping 9, GenuineIntel



---------------  S Y S T E M  ---------------

OS: Windows 7 , 64 bit Build 7601 (6.1.7601.24150)

CPU:total 2 (initial active 2) (2 cores per cpu, 1 threads per core) family 6 model 58 stepping 9, cmov, cx8, fxsr, mmx, sse, sse2, sse3, ssse3, sse4.1, sse4.2, popcnt, clmul, erms, tsc, tscinvbit, tscinv

Memory: 4k page, physical 8281520k(1636244k free), swap 8279644k(4560k free)

vm_info: Java HotSpot(TM) 64-Bit Server VM (25.191-b12) for windows-amd64 JRE (1.8.0_191-b12), built on Oct  6 2018 09:29:03 by "java_re" with MS VC++ 10.0 (VS2010)

time: Tue Jan 15 19:16:47 2019
elapsed time: 38 seconds (0d 0h 0m 38s)

